2026-06-15 18:46:47.967 [info] [main] Log level: Info
2026-06-15 18:46:47.967 [info] [main] Validating found git in: "C:\Program Files\Git\cmd\git.exe"
2026-06-15 18:47:05.178 [info] [askpassManager] Creating content-addressed askpass scripts at c:\Users\neves\Documents\ntc-ide-pro\IDE\profile-data\User\globalStorage\vscode.git\askpass\493597c785d4c5cb
2026-06-15 18:47:06.953 [info] [askpassManager] Successfully created content-addressed askpass scripts
2026-06-15 18:47:06.989 [info] [main] Using git "2.54.0.windows.1" from "C:\Program Files\Git\cmd\git.exe"
2026-06-15 18:47:06.989 [info] [Model][doInitialScan] Initial repository scan started
2026-06-15 18:47:07.660 [info] > git rev-parse --show-toplevel [654ms]
2026-06-15 18:47:07.660 [info] fatal: not a git repository (or any of the parent directories): .git
2026-06-15 18:47:08.397 [info] > git rev-parse --show-toplevel [562ms]
2026-06-15 18:47:08.397 [info] fatal: not a git repository (or any of the parent directories): .git
2026-06-15 18:47:08.470 [info] > git rev-parse --show-toplevel [67ms]
2026-06-15 18:47:08.470 [info] fatal: not a git repository (or any of the parent directories): .git
2026-06-15 18:47:09.141 [info] > git rev-parse --show-toplevel [667ms]
2026-06-15 18:47:09.141 [info] fatal: not a git repository (or any of the parent directories): .git
2026-06-15 18:47:09.252 [info] > git rev-parse --show-toplevel [105ms]
2026-06-15 18:47:09.252 [info] fatal: not a git repository (or any of the parent directories): .git
2026-06-15 18:47:09.314 [info] > git rev-parse --show-toplevel [55ms]
2026-06-15 18:47:09.314 [info] fatal: not a git repository (or any of the parent directories): .git
2026-06-15 18:47:09.494 [info] > git rev-parse --show-toplevel [175ms]
2026-06-15 18:47:09.494 [info] fatal: not a git repository (or any of the parent directories): .git
2026-06-15 18:47:09.571 [info] > git rev-parse --show-toplevel [71ms]
2026-06-15 18:47:09.571 [info] fatal: not a git repository (or any of the parent directories): .git
2026-06-15 18:47:09.637 [info] > git rev-parse --show-toplevel [60ms]
2026-06-15 18:47:09.637 [info] fatal: not a git repository (or any of the parent directories): .git
2026-06-15 18:47:09.705 [info] > git rev-parse --show-toplevel [61ms]
2026-06-15 18:47:09.705 [info] fatal: not a git repository (or any of the parent directories): .git
2026-06-15 18:47:10.122 [info] > git rev-parse --show-toplevel [411ms]
2026-06-15 18:47:11.527 [info] > git rev-parse --git-dir --git-common-dir --show-superproject-working-tree [1389ms]
2026-06-15 18:47:11.582 [info] [Model][openRepository] Opened repository (path): c:\Users\neves\Documents\antigravity\VIDEO IA
2026-06-15 18:47:11.582 [info] [Model][openRepository] Opened repository (real path): c:\Users\neves\Documents\antigravity\VIDEO IA
2026-06-15 18:47:11.582 [info] [Model][openRepository] Opened repository (kind): repository
2026-06-15 18:47:11.628 [info] [Model][doInitialScan] Initial repository scan completed - repositories (1), closed repositories (0), parent repositories (0), unsafe repositories (0)
2026-06-15 18:47:11.645 [info] [Git][getRemotes] No remotes found in the git config file
2026-06-15 18:47:12.049 [info] > git config --get --local core.virtualfilesystem [425ms]
2026-06-15 18:47:12.050 [warning] [Git][config] git config failed: Failed to execute git
2026-06-15 18:47:12.052 [info] > git config --get commit.template [413ms]
2026-06-15 18:47:12.620 [info] > git for-each-ref --format=%(refname)%00%(upstream:short)%00%(objectname)%00%(upstream:track)%00%(upstream:remotename)%00%(upstream:remoteref) --ignore-case refs/heads/master refs/remotes/master [968ms]
2026-06-15 18:47:12.848 [info] > git check-ignore -v -z --stdin [689ms]
2026-06-15 18:47:12.897 [info] > git for-each-ref --sort -committerdate --format %(refname)%00%(objectname)%00%(*objectname) [262ms]
2026-06-15 18:47:12.906 [info] > git status -z -uall [278ms]
2026-06-15 18:47:12.953 [info] [Git][getRemotes] No remotes found in the git config file
2026-06-15 18:47:13.192 [info] > git for-each-ref --format=%(refname)%00%(upstream:short)%00%(objectname)%00%(upstream:track)%00%(upstream:remotename)%00%(upstream:remoteref) --ignore-case refs/heads/master refs/remotes/master [239ms]
2026-06-15 18:47:13.192 [info] > git for-each-ref --format=%(refname)%00%(upstream:short)%00%(objectname)%00%(upstream:track)%00%(upstream:remotename)%00%(upstream:remoteref) --ignore-case refs/heads/master refs/remotes/master [263ms]
2026-06-15 18:47:13.218 [info] > git config --get commit.template [272ms]
2026-06-15 18:47:13.286 [info] > git config --get --local branch.master.vscode-merge-base [86ms]
2026-06-15 18:47:13.286 [warning] [Git][config] git config failed: Failed to execute git
2026-06-15 18:47:13.570 [info] > git status -z -uall [346ms]
2026-06-15 18:47:13.573 [info] > git for-each-ref --sort -committerdate --format %(refname)%00%(objectname)%00%(*objectname) [343ms]
2026-06-15 18:47:13.657 [info] > git reflog master --grep-reflog=branch: Created from *. [89ms]
2026-06-15 18:47:58.706 [info] > git rev-parse --show-toplevel [579ms]
2026-06-15 18:47:58.707 [info] fatal: not a git repository (or any of the parent directories): .git
2026-06-15 18:48:28.004 [info] > git rev-parse --show-toplevel [2857ms]
2026-06-15 18:48:28.004 [info] fatal: not a git repository (or any of the parent directories): .git
